<?xml version="1.0" encoding="UTF-8"?>
<!-- Generated by org.testng.reporters.JUnitXMLReporter -->
<testsuite ignored="0" hostname="DESKTOP-1LINGM1" failures="3" tests="8" name="LoginTest" time="127.934" errors="0" timestamp="2025-05-14T14:52:06 EEST">
  <testcase classname="Tests.TestLogin" name="TC_Login_005_testInvalidUsernameAndPassword" time="28.168">
    <failure type="java.lang.AssertionError" message="Login should be rejected for invalid credentials. expected [true] but found [false]">
      <![CDATA[java.lang.AssertionError: Login should be rejected for invalid credentials. expected [true] but found [false]
at Tests.TestLogin.TC_Login_005_testInvalidUsernameAndPassword(TestLogin.java:15)
at java.base/java.util.ArrayList.forEach(ArrayList.java:1596)
... Removed 28 stack frames]]>
    </failure>
  </testcase> <!-- TC_Login_005_testInvalidUsernameAndPassword -->
  <testcase classname="Tests.TestLogin" name="TC_Login_001_testValidLogin" time="7.54"/>
  <testcase classname="Tests.TestLogin" name="TC_Login_008_testLockedUserLogin" time="5.867"/>
  <testcase classname="Tests.TestLogin" name="TC_Login_002_testEmptyUsernameAndPassword" time="6.038"/>
  <testcase classname="Tests.TestLogin" name="TC_Login_006_testInvalidUsername" time="25.25">
    <failure type="java.lang.AssertionError" message="Login should be rejected for invalid credentials. expected [true] but found [false]">
      <![CDATA[java.lang.AssertionError: Login should be rejected for invalid credentials. expected [true] but found [false]
at Tests.TestLogin.TC_Login_006_testInvalidUsername(TestLogin.java:51)
at java.base/java.util.ArrayList.forEach(ArrayList.java:1596)
... Removed 28 stack frames]]>
    </failure>
  </testcase> <!-- TC_Login_006_testInvalidUsername -->
  <testcase classname="Tests.TestLogin" name="TC_Login_004_testEmptyPassword" time="5.808"/>
  <testcase classname="Tests.TestLogin" name="TC_Login_007_testInvalidPassword" time="25.299">
    <failure type="java.lang.AssertionError" message="Login should be rejected for invalid credentials. expected [true] but found [false]">
      <![CDATA[java.lang.AssertionError: Login should be rejected for invalid credentials. expected [true] but found [false]
at Tests.TestLogin.TC_Login_007_testInvalidPassword(TestLogin.java:69)
at java.base/java.util.ArrayList.forEach(ArrayList.java:1596)
... Removed 28 stack frames]]>
    </failure>
  </testcase> <!-- TC_Login_007_testInvalidPassword -->
  <testcase classname="Tests.TestLogin" name="TC_Login_003_testEmptyUsername" time="5.004"/>
</testsuite> <!-- LoginTest -->
